[0m[0m
[0m[4m/Users/jianfengxu/Documents/MY-GIT/nx-workspace/libs/type-dom-ui/src/basic/td-button/td-button.interface.ts[24m[0m
[0m   [2m1:30[22m  [31merror[39m  'ITypeSvg' is defined but never used      [2m@typescript-eslint/no-unused-vars[22m[0m
[0m  [2m31:13[22m  [31merror[39m  Unexpected any. Specify a different type  [2m@typescript-eslint/no-explicit-any[22m[0m
[0m[0m
[0m[4m/Users/jianfengxu/Documents/MY-GIT/nx-workspace/libs/type-dom-ui/src/basic/td-icon/td-icon.class.ts[24m[0m
[0m  [2m2:10[22m  [31merror[39m  '$iconLeft' is defined but never used   [2m@typescript-eslint/no-unused-vars[22m[0m
[0m  [2m2:35[22m  [31merror[39m  '$iconRight' is defined but never used  [2m@typescript-eslint/no-unused-vars[22m[0m
[0m[0m
[0m[4m/Users/jianfengxu/Documents/MY-GIT/nx-workspace/libs/type-dom-ui/src/basic/td-icon/td-icon.interface.ts[24m[0m
[0m  [2m1:18[22m  [31merror[39m  'TypeSvg' is defined but never used       [2m@typescript-eslint/no-unused-vars[22m[0m
[0m  [2m6:13[22m  [31merror[39m  Unexpected any. Specify a different type  [2m@typescript-eslint/no-explicit-any[22m[0m
[0m[0m
[0m[4m/Users/jianfengxu/Documents/MY-GIT/nx-workspace/libs/type-dom-ui/src/feedback/overlay/overlay.abstract.ts[24m[0m
[0m  [2m42:14[22m  [31merror[39m  'content' is defined but never used  [2m@typescript-eslint/no-unused-vars[22m[0m
[0m[0m
[0m[4m/Users/jianfengxu/Documents/MY-GIT/nx-workspace/libs/type-dom-ui/src/form/field-item/cascade/field-cascade.abstract.ts[24m[0m
[0m  [2m3:10[22m  [31merror[39m  'TdButton' is defined but never used  [2m@typescript-eslint/no-unused-vars[22m[0m
[0m[0m
[0m[4m/Users/jianfengxu/Documents/MY-GIT/nx-workspace/libs/type-dom-ui/src/form/field-item/field-item.abstract.ts[24m[0m
[0m   [2m9:3[22m   [31merror[39m  'TextNode' is defined but never used  [2m@typescript-eslint/no-unused-vars[22m[0m
[0m  [2m12:10[22m  [31merror[39m  'TdButton' is defined but never used  [2m@typescript-eslint/no-unused-vars[22m[0m
[0m[0m
[0m[4m/Users/jianfengxu/Documents/MY-GIT/nx-workspace/libs/type-dom-ui/src/form/field-item/input/field-input.abstract.ts[24m[0m
[0m  [2m3:10[22m  [31merror[39m  'TdButton' is defined but never used  [2m@typescript-eslint/no-unused-vars[22m[0m
[0m[0m
[0m[4m/Users/jianfengxu/Documents/MY-GIT/nx-workspace/libs/type-dom-ui/src/form/field-item/options/field-options.abstract.ts[24m[0m
[0m  [2m4:10[22m  [31merror[39m  'TdButton' is defined but never used  [2m@typescript-eslint/no-unused-vars[22m[0m
[0m[0m
[0m[4m/Users/jianfengxu/Documents/MY-GIT/nx-workspace/libs/type-dom-ui/src/form/input-item/td-input-item.class.ts[24m[0m
[0m  [2m42:9[22m  [31merror[39m  'value' is defined but never used  [2m@typescript-eslint/no-unused-vars[22m[0m
[0m[0m
[0m[4m/Users/jianfengxu/Documents/MY-GIT/nx-workspace/libs/type-dom-ui/src/style/color-scheme.ts[24m[0m
[0m   [2m6:3[22m  [31merror[39m  '$colors' is defined but never used               [2m@typescript-eslint/no-unused-vars[22m[0m
[0m  [2m12:7[22m  [31merror[39m  'colorScheme' is assigned a value but never used  [2m@typescript-eslint/no-unused-vars[22m[0m
[0m[0m
[0m[4m/Users/jianfengxu/Documents/MY-GIT/nx-workspace/libs/type-dom-ui/src/style/var.ts[24m[0m
[0m  [2m100:7[22m  [31merror[39m  '$maskColor' is assigned a value but never used  [2m@typescript-eslint/no-unused-vars[22m[0m
[0m[0m
[0m[31m[1m✖ 16 problems (16 errors, 0 warnings)[22m[39m[0m
[0m[31m[1m[22m[39m[0m